<?xml version="1.0" encoding="UTF-8"?>
<!-- Generated by org.testng.reporters.JUnitReportReporter -->
<testsuite hostname="MNCTVN05589" name="funtions.Button" tests="1" failures="0" timestamp="6 Jul 2020 05:53:41 GMT" time="0.008" errors="0">
  <testcase name="ById" time="0.008" classname="funtions.Button"/>
</testsuite> <!-- funtions.Button -->
